<?xml version="1.0" encoding="UTF-8"?>
<!-- Generated by org.testng.reporters.JUnitReportReporter -->
<testsuite hostname="DESKTOP-4MSVC5H" failures="0" tests="3" name="sel2.CrossBr" time="75.038" errors="0" timestamp="2023-07-25T16:03:17 IST" skipped="0">
  <testcase classname="sel2.CrossBr" name="petStoreTC1" time="25.746"/>
  <testcase classname="sel2.CrossBr" name="petStoreTC1" time="26.459"/>
  <testcase classname="sel2.CrossBr" name="petStoreTC1" time="22.833"/>
</testsuite> <!-- sel2.CrossBr -->
